<?xml version="1.0" encoding="UTF-8"?>
<!-- Generated by org.testng.reporters.JUnitReportReporter -->
<testsuite skipped="0" hostname="LAPTOP-B2U9ARN5" name="runner.testRunner" tests="1" failures="0" timestamp="13 May 2019 02:52:37 GMT" time="0.312" errors="0">
  <testcase name="feature" time="0.312" classname="runner.testRunner"/>
</testsuite> <!-- runner.testRunner -->
